<?xml version="1.0" encoding="UTF-8"?>
<!-- Generated by org.testng.reporters.JUnitReportReporter -->
<testsuite hostname="DESKTOP-4DSV9GT" failures="0" tests="1" name="com.Tricentis.TestScripts.US_004TC_001" time="9.740" errors="0" timestamp="2024-01-18T17:28:47 IST" skipped="0">
  <testcase classname="com.Tricentis.TestScripts.US_004TC_001" name="TestCase1" time="9.740"/>
</testsuite> <!-- com.Tricentis.TestScripts.US_004TC_001 -->
