<?xml version="1.0" encoding="UTF-8"?>
<!-- Generated by org.testng.reporters.JUnitReportReporter -->
<testsuite hostname="DESKTOP-CI5RA8I" failures="0" tests="1" name="com.Tricentis.TestScripts.US001_DefectTestCase" time="38.254" errors="0" timestamp="2024-01-18T13:08:30 IST" skipped="0">
  <testcase classname="com.Tricentis.TestScripts.US001_DefectTestCase" name="DefectTest" time="38.254"/>
  <system-out/>
</testsuite> <!-- com.Tricentis.TestScripts.US001_DefectTestCase -->
