<?xml version="1.0" encoding="UTF-8"?>
<!-- Generated by org.testng.reporters.JUnitReportReporter -->
<testsuite hostname="DESKTOP-CI5RA8I" failures="0" tests="35" name="com.Tricentis.TestScripts.US001_TestCases" time="806.277" errors="0" timestamp="2024-01-19T15:05:29 IST" skipped="0">
  <testcase classname="com.Tricentis.TestScripts.US001_TestCases" name="TestCase1" time="29.002"/>
  <system-out/>
  <testcase classname="com.Tricentis.TestScripts.US001_TestCases" name="TestCase2" time="21.418"/>
  <system-out/>
  <testcase classname="com.Tricentis.TestScripts.US001_TestCases" name="TestCase3" time="20.943"/>
  <system-out/>
  <testcase classname="com.Tricentis.TestScripts.US001_TestCases" name="TestCase4" time="25.367"/>
  <system-out/>
  <testcase classname="com.Tricentis.TestScripts.US001_TestCases" name="TestCase5" time="19.832"/>
  <system-out/>
  <testcase classname="com.Tricentis.TestScripts.US001_TestCases" name="TestCase6" time="8.246"/>
  <system-out/>
  <testcase classname="com.Tricentis.TestScripts.US001_TestCases" name="TestCase7" time="27.874"/>
  <system-out/>
  <testcase classname="com.Tricentis.TestScripts.US001_TestCases" name="TestCase8" time="20.128"/>
  <system-out/>
  <testcase classname="com.Tricentis.TestScripts.US001_TestCases" name="TestCase9" time="22.621"/>
  <system-out/>
  <testcase classname="com.Tricentis.TestScripts.US001_TestCases" name="TestCase10" time="37.218"/>
  <system-out/>
  <testcase classname="com.Tricentis.TestScripts.US001_TestCases" name="TestCase11" time="20.678"/>
  <system-out/>
  <testcase classname="com.Tricentis.TestScripts.US001_TestCases" name="TestCase12" time="25.679"/>
  <system-out/>
  <testcase classname="com.Tricentis.TestScripts.US001_TestCases" name="TestCase13" time="24.667"/>
  <system-out/>
  <testcase classname="com.Tricentis.TestScripts.US001_TestCases" name="TestCase14" time="29.432"/>
  <system-out/>
  <testcase classname="com.Tricentis.TestScripts.US001_TestCases" name="TestCase15" time="20.967"/>
  <system-out/>
  <testcase classname="com.Tricentis.TestScripts.US001_TestCases" name="TestCase16" time="23.158"/>
  <system-out/>
  <testcase classname="com.Tricentis.TestScripts.US001_TestCases" name="TestCase17" time="22.443"/>
  <system-out/>
  <testcase classname="com.Tricentis.TestScripts.US001_TestCases" name="TestCase18" time="26.100"/>
  <system-out/>
  <testcase classname="com.Tricentis.TestScripts.US001_TestCases" name="TestCase19" time="20.174"/>
  <system-out/>
  <testcase classname="com.Tricentis.TestScripts.US001_TestCases" name="TestCase20" time="21.374"/>
  <system-out/>
  <testcase classname="com.Tricentis.TestScripts.US001_TestCases" name="TestCase21" time="22.442"/>
  <system-out/>
  <testcase classname="com.Tricentis.TestScripts.US001_TestCases" name="TestCase22" time="22.493"/>
  <system-out/>
  <testcase classname="com.Tricentis.TestScripts.US001_TestCases" name="TestCase23" time="7.833"/>
  <system-out/>
  <testcase classname="com.Tricentis.TestScripts.US001_TestCases" name="TestCase24" time="14.356"/>
  <system-out/>
  <testcase classname="com.Tricentis.TestScripts.US001_TestCases" name="TestCase25" time="20.042"/>
  <system-out/>
  <testcase classname="com.Tricentis.TestScripts.US001_TestCases" name="TestCase26" time="23.580"/>
  <system-out/>
  <testcase classname="com.Tricentis.TestScripts.US001_TestCases" name="TestCase27" time="9.295"/>
  <system-out/>
  <testcase classname="com.Tricentis.TestScripts.US001_TestCases" name="TestCase28" time="16.333"/>
  <system-out/>
  <testcase classname="com.Tricentis.TestScripts.US001_TestCases" name="TestCase29" time="16.791"/>
  <system-out/>
  <testcase classname="com.Tricentis.TestScripts.US001_TestCases" name="TestCase30" time="21.213"/>
  <system-out/>
  <testcase classname="com.Tricentis.TestScripts.US001_TestCases" name="TestCase31" time="35.929"/>
  <system-out/>
  <testcase classname="com.Tricentis.TestScripts.US001_TestCases" name="TestCase32" time="20.202"/>
  <system-out/>
  <testcase classname="com.Tricentis.TestScripts.US001_TestCases" name="TestCase33" time="38.279"/>
  <system-out/>
  <testcase classname="com.Tricentis.TestScripts.US001_TestCases" name="TestCase34" time="25.118"/>
  <system-out/>
  <testcase classname="com.Tricentis.TestScripts.US001_TestCases" name="DefectTest" time="45.050"/>
  <system-out/>
</testsuite> <!-- com.Tricentis.TestScripts.US001_TestCases -->
