<?xml version="1.0" encoding="UTF-8"?>
<!-- Generated by org.testng.reporters.JUnitReportReporter -->
<testsuite hostname="DESKTOP-4DSV9GT" failures="0" tests="1" name="com.Tricentis.TestScripts.US_004TC_006" time="50.016" errors="0" timestamp="2024-01-18T17:41:41 IST" skipped="0">
  <testcase classname="com.Tricentis.TestScripts.US_004TC_006" name="TestCase6" time="50.016"/>
</testsuite> <!-- com.Tricentis.TestScripts.US_004TC_006 -->
