<?xml version="1.0" encoding="UTF-8"?>
<!-- Generated by org.testng.reporters.JUnitReportReporter -->
<testsuite hostname="DESKTOP-CI5RA8I" failures="0" tests="1" name="com.Tricentis.TestScripts.US002_TC_007" time="16.523" errors="0" timestamp="2024-01-18T19:15:44 IST" skipped="0">
  <testcase classname="com.Tricentis.TestScripts.US002_TC_007" name="US_002_TS_007" time="16.523"/>
  <system-out/>
</testsuite> <!-- com.Tricentis.TestScripts.US002_TC_007 -->
