<?xml version="1.0" encoding="UTF-8"?>
<!-- Generated by org.testng.reporters.JUnitReportReporter -->
<testsuite hostname="DESKTOP-CI5RA8I" failures="0" tests="1" name="com.Tricentis.TestScripts.US001_TC003a" time="28.473" errors="0" timestamp="2024-01-16T18:45:18 IST" skipped="0">
  <testcase classname="com.Tricentis.TestScripts.US001_TC003a" name="TestCase2" time="28.473"/>
  <system-out/>
</testsuite> <!-- com.Tricentis.TestScripts.US001_TC003a -->
