<?xml version="1.0" encoding="UTF-8"?>
<!-- Generated by org.testng.reporters.JUnitReportReporter -->
<testsuite hostname="DESKTOP-CI5RA8I" failures="0" tests="25" name="com.Tricentis.TestScripts.US002_TestCases" time="692.609" errors="0" timestamp="2024-01-19T15:05:29 IST" skipped="0">
  <testcase classname="com.Tricentis.TestScripts.US002_TestCases" name="US002_TS001" time="27.963"/>
  <system-out/>
  <testcase classname="com.Tricentis.TestScripts.US002_TestCases" name="US002_TS002" time="10.917"/>
  <system-out/>
  <testcase classname="com.Tricentis.TestScripts.US002_TestCases" name="US002_TC003_verifyRed" time="20.575"/>
  <system-out/>
  <testcase classname="com.Tricentis.TestScripts.US002_TestCases" name="US002_TC003_verifyBlueTick" time="27.514"/>
  <system-out/>
  <testcase classname="com.Tricentis.TestScripts.US002_TestCases" name="US002_TC004_verifyRed" time="48.923"/>
  <system-out/>
  <testcase classname="com.Tricentis.TestScripts.US002_TestCases" name="US002_TC004_verifyBlueTick" time="8.218"/>
  <system-out/>
  <testcase classname="com.Tricentis.TestScripts.US002_TestCases" name="US_002_TS_005" time="9.814"/>
  <system-out/>
  <testcase classname="com.Tricentis.TestScripts.US002_TestCases" name="US_002_TS_006TextFieldcolorRed" time="57.951"/>
  <system-out/>
  <testcase classname="com.Tricentis.TestScripts.US002_TestCases" name="US_002_TS_006TextFieldBlueWithTick" time="24.194"/>
  <system-out/>
  <testcase classname="com.Tricentis.TestScripts.US002_TestCases" name="US_002_TS_007" time="24.543"/>
  <system-out/>
  <testcase classname="com.Tricentis.TestScripts.US002_TestCases" name="US_002_TS_008TextFieldcolorRed" time="26.665"/>
  <system-out/>
  <testcase classname="com.Tricentis.TestScripts.US002_TestCases" name="US_002_TS_008TextFieldBlueWithTick" time="20.437"/>
  <system-out/>
  <testcase classname="com.Tricentis.TestScripts.US002_TestCases" name="US_002_TS_009" time="22.533"/>
  <system-out/>
  <testcase classname="com.Tricentis.TestScripts.US002_TestCases" name="US_002_TS_010TextFieldcolorRed" time="39.156"/>
  <system-out/>
  <testcase classname="com.Tricentis.TestScripts.US002_TestCases" name="US_002_TS_010TextFieldBlueWithTick" time="8.216"/>
  <system-out/>
  <testcase classname="com.Tricentis.TestScripts.US002_TestCases" name="US002_TC011_verifyRed" time="21.691"/>
  <system-out/>
  <testcase classname="com.Tricentis.TestScripts.US002_TestCases" name="US002_TC011_verifyBlueTick" time="22.153"/>
  <system-out/>
  <testcase classname="com.Tricentis.TestScripts.US002_TestCases" name="US_002_TS_012" time="24.351"/>
  <system-out/>
  <testcase classname="com.Tricentis.TestScripts.US002_TestCases" name="US_002_TS_013TextFieldcolorRed" time="50.453"/>
  <system-out/>
  <testcase classname="com.Tricentis.TestScripts.US002_TestCases" name="US_002_TS_013TextFieldBlueWithTick" time="43.050"/>
  <system-out/>
  <testcase classname="com.Tricentis.TestScripts.US002_TestCases" name="US_002_TS_014" time="30.962"/>
  <system-out/>
  <testcase classname="com.Tricentis.TestScripts.US002_TestCases" name="US_002_TS_015TextFieldcolorRed" time="29.779"/>
  <system-out/>
  <testcase classname="com.Tricentis.TestScripts.US002_TestCases" name="US_002_TS_015TextFieldBlueWithTick" time="9.297"/>
  <system-out/>
  <testcase classname="com.Tricentis.TestScripts.US002_TestCases" name="US_002_TS_016" time="30.159"/>
  <system-out/>
  <testcase classname="com.Tricentis.TestScripts.US002_TestCases" name="US002_TS017" time="53.095"/>
  <system-out/>
</testsuite> <!-- com.Tricentis.TestScripts.US002_TestCases -->
