<?xml version="1.0" encoding="UTF-8"?>
<!-- Generated by org.testng.reporters.JUnitReportReporter -->
<testsuite hostname="DESKTOP-CI5RA8I" failures="0" tests="2" name="com.Tricentis.TestScripts.US002_TC_013" time="33.567" errors="0" timestamp="2024-01-18T19:15:44 IST" skipped="0">
  <testcase classname="com.Tricentis.TestScripts.US002_TC_013" name="US_002_TS_013TextFieldcolorRed" time="16.858"/>
  <system-out/>
  <testcase classname="com.Tricentis.TestScripts.US002_TC_013" name="US_002_TS_013TextFieldBlueWithTick" time="16.709"/>
  <system-out/>
</testsuite> <!-- com.Tricentis.TestScripts.US002_TC_013 -->
