<?xml version="1.0" encoding="UTF-8"?>
<!-- Generated by org.testng.reporters.JUnitReportReporter -->
<testsuite hostname="DESKTOP-CI5RA8I" failures="0" tests="1" name="com.Tricentis.TestScripts.US001_TC031" time="17.234" errors="0" timestamp="2024-01-18T19:15:44 IST" skipped="0">
  <testcase classname="com.Tricentis.TestScripts.US001_TC031" name="TestCase31" time="17.234"/>
  <system-out/>
</testsuite> <!-- com.Tricentis.TestScripts.US001_TC031 -->
