<?xml version="1.0" encoding="UTF-8"?>
<!-- Generated by org.testng.reporters.JUnitReportReporter -->
<testsuite hostname="DESKTOP-4DSV9GT" failures="0" tests="1" name="com.Tricentis.TestScripts.US_004TC_005" time="9.729" errors="0" timestamp="2024-01-18T17:39:20 IST" skipped="0">
  <testcase classname="com.Tricentis.TestScripts.US_004TC_005" name="TestCase6" time="9.729"/>
</testsuite> <!-- com.Tricentis.TestScripts.US_004TC_005 -->
