<?xml version="1.0" encoding="UTF-8"?>
<!-- Generated by org.testng.reporters.JUnitReportReporter -->
<testsuite hostname="DESKTOP-CI5RA8I" failures="0" tests="2" name="com.Tricentis.TestScripts.US002_TC_006" time="42.530" errors="0" timestamp="2024-01-18T19:15:44 IST" skipped="0">
  <testcase classname="com.Tricentis.TestScripts.US002_TC_006" name="US_002_TS_006TextFieldcolorRed" time="19.519"/>
  <system-out/>
  <testcase classname="com.Tricentis.TestScripts.US002_TC_006" name="US_002_TS_006TextFieldBlueWithTick" time="23.011"/>
  <system-out/>
</testsuite> <!-- com.Tricentis.TestScripts.US002_TC_006 -->
