<?xml version="1.0" encoding="UTF-8"?>
<!-- Generated by org.testng.reporters.JUnitReportReporter -->
<testsuite hostname="DESKTOP-CI5RA8I" failures="0" tests="1" name="com.Tricentis.TestScripts.US002_TC_017_Defect" time="38.103" errors="0" timestamp="2024-01-18T19:15:44 IST" skipped="0">
  <testcase classname="com.Tricentis.TestScripts.US002_TC_017_Defect" name="US002_TS017" time="38.103"/>
  <system-out/>
</testsuite> <!-- com.Tricentis.TestScripts.US002_TC_017_Defect -->
