<?xml version="1.0" encoding="UTF-8"?>
<!-- Generated by org.testng.reporters.JUnitReportReporter -->
<testsuite hostname="DESKTOP-CI5RA8I" failures="0" tests="1" name="com.Tricentis.TestScripts.US001_TC025" time="25.932" errors="0" timestamp="2024-01-18T23:24:19 IST" skipped="0">
  <testcase classname="com.Tricentis.TestScripts.US001_TC025" name="TestCase25" time="25.932"/>
  <system-out/>
</testsuite> <!-- com.Tricentis.TestScripts.US001_TC025 -->
