<?xml version="1.0" encoding="UTF-8"?>
<!-- Generated by org.testng.reporters.JUnitReportReporter -->
<testsuite hostname="DESKTOP-4DSV9GT" failures="0" tests="1" name="com.Tricentis.TestScripts.US_004_Defect" time="49.817" errors="0" timestamp="2024-01-18T17:50:20 IST" skipped="0">
  <testcase classname="com.Tricentis.TestScripts.US_004_Defect" name="TestCase6" time="49.817"/>
</testsuite> <!-- com.Tricentis.TestScripts.US_004_Defect -->
