<?xml version="1.0" encoding="UTF-8"?>
<!-- Generated by org.testng.reporters.JUnitReportReporter -->
<testsuite hostname="DESKTOP-CI5RA8I" failures="0" tests="1" name="com.Tricentis.TestScripts.US001_TC001" time="25.202" errors="0" timestamp="2024-01-18T23:46:18 IST" skipped="0">
  <testcase classname="com.Tricentis.TestScripts.US001_TC001" name="TestCase1" time="25.202"/>
  <system-out/>
</testsuite> <!-- com.Tricentis.TestScripts.US001_TC001 -->
