<?xml version="1.0" encoding="UTF-8"?>
<!-- Generated by org.testng.reporters.JUnitReportReporter -->
<testsuite hostname="DESKTOP-4DSV9GT" failures="0" tests="1" name="com.Tricentis.TestScripts.US_004TC_007" time="10.007" errors="0" timestamp="2024-01-18T17:48:00 IST" skipped="0">
  <testcase classname="com.Tricentis.TestScripts.US_004TC_007" name="TestCase6" time="10.007"/>
</testsuite> <!-- com.Tricentis.TestScripts.US_004TC_007 -->
