<?xml version="1.0" encoding="UTF-8"?>
<!-- Generated by org.testng.reporters.JUnitReportReporter -->
<testsuite hostname="DESKTOP-CI5RA8I" failures="0" tests="1" name="com.Tricentis.TestScripts.US_001TC_002" time="47.699" errors="0" timestamp="2024-01-16T10:54:32 IST" skipped="0">
  <testcase classname="com.Tricentis.TestScripts.US_001TC_002" name="TestCase2" time="47.699"/>
  <system-out/>
</testsuite> <!-- com.Tricentis.TestScripts.US_001TC_002 -->
