<?xml version="1.0" encoding="UTF-8"?>
<!-- Generated by org.testng.reporters.JUnitReportReporter -->
<testsuite hostname="DESKTOP-CI5RA8I" failures="0" tests="9" name="com.Tricentis.TestScripts.US004_TestCases" time="246.414" errors="0" timestamp="2024-01-19T15:05:29 IST" skipped="0">
  <testcase classname="com.Tricentis.TestScripts.US004_TestCases" name="TC_001" time="30.413"/>
  <system-out/>
  <testcase classname="com.Tricentis.TestScripts.US004_TestCases" name="TC_002" time="22.080"/>
  <system-out/>
  <testcase classname="com.Tricentis.TestScripts.US004_TestCases" name="TC_003" time="12.327"/>
  <system-out/>
  <testcase classname="com.Tricentis.TestScripts.US004_TestCases" name="TC_004" time="37.403"/>
  <system-out/>
  <testcase classname="com.Tricentis.TestScripts.US004_TestCases" name="TC_005" time="39.743"/>
  <system-out/>
  <testcase classname="com.Tricentis.TestScripts.US004_TestCases" name="TC_006" time="26.892"/>
  <system-out/>
  <testcase classname="com.Tricentis.TestScripts.US004_TestCases" name="TC_007" time="18.229"/>
  <system-out/>
  <testcase classname="com.Tricentis.TestScripts.US004_TestCases" name="TC_008" time="28.886"/>
  <system-out/>
  <testcase classname="com.Tricentis.TestScripts.US004_TestCases" name="TC_009" time="30.441"/>
  <system-out/>
</testsuite> <!-- com.Tricentis.TestScripts.US004_TestCases -->
