<?xml version="1.0" encoding="UTF-8"?>
<!-- Generated by org.testng.reporters.JUnitReportReporter -->
<testsuite hostname="DESKTOP-CI5RA8I" failures="0" tests="2" name="com.Tricentis.TestScripts.US002_TC_011" time="32.416" errors="0" timestamp="2024-01-18T19:15:44 IST" skipped="0">
  <testcase classname="com.Tricentis.TestScripts.US002_TC_011" name="US002_TC011_verifyBlueTick" time="16.148"/>
  <system-out/>
  <testcase classname="com.Tricentis.TestScripts.US002_TC_011" name="US002_TC011_verifyRed" time="16.268"/>
  <system-out/>
</testsuite> <!-- com.Tricentis.TestScripts.US002_TC_011 -->
