<?xml version="1.0" encoding="UTF-8"?>
<!-- Generated by org.testng.reporters.JUnitReportReporter -->
<testsuite hostname="DESKTOP-CI5RA8I" failures="0" tests="1" name="com.Tricentis.TestScripts.US_001TC_001" time="19.412" errors="0" timestamp="2024-01-15T13:16:29 IST" skipped="0">
  <testcase classname="com.Tricentis.TestScripts.US_001TC_001" name="TestCase1" time="19.412"/>
  <system-out/>
</testsuite> <!-- com.Tricentis.TestScripts.US_001TC_001 -->
