<?xml version="1.0" encoding="UTF-8"?>
<!-- Generated by org.testng.reporters.JUnitReportReporter -->
<testsuite hostname="DESKTOP-CI5RA8I" failures="0" tests="1" name="com.Tricentis.TestScripts.US001_TC022" time="19.714" errors="0" timestamp="2024-01-19T00:14:55 IST" skipped="0">
  <testcase classname="com.Tricentis.TestScripts.US001_TC022" name="TestCase22" time="19.714"/>
  <system-out/>
</testsuite> <!-- com.Tricentis.TestScripts.US001_TC022 -->
