<?xml version="1.0" encoding="UTF-8"?>
<!-- Generated by org.testng.reporters.JUnitReportReporter -->
<testsuite hostname="DESKTOP-4DSV9GT" failures="0" tests="1" name="com.Tricentis.TestScripts.US_004TC_002" time="8.423" errors="0" timestamp="2024-01-18T17:30:26 IST" skipped="0">
  <testcase classname="com.Tricentis.TestScripts.US_004TC_002" name="TestCase2" time="8.423"/>
</testsuite> <!-- com.Tricentis.TestScripts.US_004TC_002 -->
