<?xml version="1.0" encoding="UTF-8"?>
<!-- Generated by org.testng.reporters.JUnitReportReporter -->
<testsuite hostname="DESKTOP-4DSV9GT" failures="0" tests="1" name="com.Tricentis.TestScripts.US_004TC_004" time="15.618" errors="0" timestamp="2024-01-18T17:37:48 IST" skipped="0">
  <testcase classname="com.Tricentis.TestScripts.US_004TC_004" name="TestCase6" time="15.618"/>
</testsuite> <!-- com.Tricentis.TestScripts.US_004TC_004 -->
