<?xml version="1.0" encoding="UTF-8"?>
<!-- Generated by org.testng.reporters.JUnitReportReporter -->
<testsuite hostname="DESKTOP-CI5RA8I" failures="0" tests="2" name="com.Tricentis.TestScripts.US002_TC_010" time="32.642" errors="0" timestamp="2024-01-18T19:15:44 IST" skipped="0">
  <testcase classname="com.Tricentis.TestScripts.US002_TC_010" name="US_002_TS_010TextFieldcolorRed" time="16.072"/>
  <system-out/>
  <testcase classname="com.Tricentis.TestScripts.US002_TC_010" name="US_002_TS_010TextFieldBlueWithTick" time="16.570"/>
  <system-out/>
</testsuite> <!-- com.Tricentis.TestScripts.US002_TC_010 -->
