<?xml version="1.0" encoding="UTF-8"?>
<!-- Generated by org.testng.reporters.JUnitReportReporter -->
<testsuite hostname="DESKTOP-CI5RA8I" failures="0" tests="2" name="com.Tricentis.TestScripts.US_002_TC_003" time="29.659" errors="0" timestamp="2024-01-18T15:09:44 IST" skipped="0">
  <testcase classname="com.Tricentis.TestScripts.US_002_TC_003" name="US002_TC003_verifyBlueTick" time="11.342"/>
  <system-out/>
  <testcase classname="com.Tricentis.TestScripts.US_002_TC_003" name="US002_TC003_verifyRed" time="18.317"/>
  <system-out/>
</testsuite> <!-- com.Tricentis.TestScripts.US_002_TC_003 -->
