<?xml version="1.0" encoding="UTF-8"?>
<!-- Generated by org.testng.reporters.JUnitReportReporter -->
<testsuite hostname="DESKTOP-CI5RA8I" failures="0" tests="2" name="com.Tricentis.TestScripts.US002_TC_008" time="32.570" errors="0" timestamp="2024-01-18T19:15:44 IST" skipped="0">
  <testcase classname="com.Tricentis.TestScripts.US002_TC_008" name="US_002_TS_008TextFieldcolorRed" time="16.344"/>
  <system-out/>
  <testcase classname="com.Tricentis.TestScripts.US002_TC_008" name="US_002_TS_008TextFieldBlueWithTick" time="16.226"/>
  <system-out/>
</testsuite> <!-- com.Tricentis.TestScripts.US002_TC_008 -->
