<?xml version="1.0" encoding="UTF-8"?>
<!-- Generated by org.testng.reporters.JUnitReportReporter -->
<testsuite hostname="DESKTOP-CI5RA8I" failures="0" tests="1" name="com.Tricentis.TestScripts.US001_TC010" time="17.836" errors="0" timestamp="2024-01-18T21:25:20 IST" skipped="0">
  <testcase classname="com.Tricentis.TestScripts.US001_TC010" name="TestCase10" time="17.836"/>
  <system-out/>
</testsuite> <!-- com.Tricentis.TestScripts.US001_TC010 -->
