<?xml version="1.0" encoding="UTF-8"?>
<!-- Generated by org.testng.reporters.JUnitReportReporter -->
<testsuite hostname="DESKTOP-4DSV9GT" failures="0" tests="1" name="com.Tricentis.TestScripts.US_004TC_003" time="15.811" errors="0" timestamp="2024-01-18T17:35:51 IST" skipped="0">
  <testcase classname="com.Tricentis.TestScripts.US_004TC_003" name="TestCase6" time="15.811"/>
</testsuite> <!-- com.Tricentis.TestScripts.US_004TC_003 -->
