<?xml version="1.0" encoding="UTF-8"?>
<!-- Generated by org.testng.reporters.JUnitReportReporter -->
<testsuite hostname="DESKTOP-CI5RA8I" failures="0" tests="1" name="com.Tricentis.TestScripts.US002_TC_009" time="16.838" errors="0" timestamp="2024-01-18T19:15:44 IST" skipped="0">
  <testcase classname="com.Tricentis.TestScripts.US002_TC_009" name="US_002_TS_009" time="16.838"/>
  <system-out/>
</testsuite> <!-- com.Tricentis.TestScripts.US002_TC_009 -->
